d:\coding\vs\signalsprocessing\signalsprocessing\x64\debug\vc143.pdb
d:\coding\vs\signalsprocessing\signalsprocessing\x64\debug\vc143.idb
d:\coding\vs\signalsprocessing\signalsprocessing\x64\debug\implot_items.obj
d:\coding\vs\signalsprocessing\signalsprocessing\x64\debug\implot_demo.obj
d:\coding\vs\signalsprocessing\signalsprocessing\x64\debug\implot.obj
d:\coding\vs\signalsprocessing\signalsprocessing\x64\debug\imgui_widgets.obj
d:\coding\vs\signalsprocessing\signalsprocessing\x64\debug\imgui_user.obj
d:\coding\vs\signalsprocessing\signalsprocessing\x64\debug\imgui_tables.obj
d:\coding\vs\signalsprocessing\signalsprocessing\x64\debug\imgui_impl_opengl3.obj
d:\coding\vs\signalsprocessing\signalsprocessing\x64\debug\imgui_impl_glfw.obj
d:\coding\vs\signalsprocessing\signalsprocessing\x64\debug\imgui_draw.obj
d:\coding\vs\signalsprocessing\signalsprocessing\x64\debug\imgui_demo.obj
d:\coding\vs\signalsprocessing\signalsprocessing\x64\debug\imgui.obj
d:\coding\vs\signalsprocessing\signalsprocessing\x64\debug\robotoregular.obj
d:\coding\vs\signalsprocessing\signalsprocessing\x64\debug\robotomonoregular.obj
d:\coding\vs\signalsprocessing\signalsprocessing\x64\debug\robotomonoitalic.obj
d:\coding\vs\signalsprocessing\signalsprocessing\x64\debug\robotomonobold.obj
d:\coding\vs\signalsprocessing\signalsprocessing\x64\debug\robotoitalic.obj
d:\coding\vs\signalsprocessing\signalsprocessing\x64\debug\robotobold.obj
d:\coding\vs\signalsprocessing\signalsprocessing\x64\debug\fontawesome5brands.obj
d:\coding\vs\signalsprocessing\signalsprocessing\x64\debug\fontawesome5.obj
d:\coding\vs\signalsprocessing\signalsprocessing\x64\debug\application.obj
d:\coding\vs\signalsprocessing\signalsprocessing\x64\debug\spu.obj
d:\coding\vs\signalsprocessing\signalsprocessing\x64\debug\signal.obj
d:\coding\vs\signalsprocessing\signalsprocessing\x64\debug\main.obj
d:\coding\vs\signalsprocessing\signalsprocessing\x64\debug\windowfunctions.obj
d:\coding\vs\signalsprocessing\signalsprocessing\x64\debug\signalsprocessing.ilk
d:\coding\vs\signalsprocessing\x64\debug\signalsprocessing.exe
d:\coding\vs\signalsprocessing\x64\debug\signalsprocessing.pdb
d:\coding\vs\signalsprocessing\x64\debug\signalsprocessing.lib
d:\coding\vs\signalsprocessing\x64\debug\signalsprocessing.exp
d:\coding\vs\signalsprocessing\signalsprocessing\x64\debug\signalsp.224e66b7.tlog\cl.command.1.tlog
d:\coding\vs\signalsprocessing\signalsprocessing\x64\debug\signalsp.224e66b7.tlog\cl.read.1.tlog
d:\coding\vs\signalsprocessing\signalsprocessing\x64\debug\signalsp.224e66b7.tlog\cl.write.1.tlog
d:\coding\vs\signalsprocessing\signalsprocessing\x64\debug\signalsp.224e66b7.tlog\link.command.1.tlog
d:\coding\vs\signalsprocessing\signalsprocessing\x64\debug\signalsp.224e66b7.tlog\link.read.1.tlog
d:\coding\vs\signalsprocessing\signalsprocessing\x64\debug\signalsp.224e66b7.tlog\link.write.1.tlog
d:\coding\vs\signalsprocessing\signalsprocessing\x64\debug\signalsp.224e66b7.tlog\signalsprocessing.write.1u.tlog
