  SPU.cpp
D:\Coding\VS\DFT\SignalsProcessing\imgui\notify.h(67,24): warning C4244: 'initializing': conversion from 'float' to 'int', possible loss of data
D:\Coding\VS\DFT\SignalsProcessing\SPU.cpp(10,1): warning C4005: 'PI2': macro redefinition
D:\Coding\VS\DFT\SignalsProcessing\WindowFunctions.h(4): message : see previous definition of 'PI2'
D:\Coding\VS\DFT\SignalsProcessing\SPU.cpp(247,30): warning C4244: 'initializing': conversion from 'float' to 'int', possible loss of data
D:\Coding\VS\DFT\SignalsProcessing\SPU.cpp(247,19): warning C4244: 'initializing': conversion from 'float' to 'const int', possible loss of data
D:\Coding\VS\DFT\SignalsProcessing\SPU.cpp(277,72): warning C4244: '*=': conversion from 'double' to 'float', possible loss of data
D:\Coding\VS\DFT\SignalsProcessing\SPU.cpp(310,30): warning C4244: 'initializing': conversion from 'float' to 'int', possible loss of data
D:\Coding\VS\DFT\SignalsProcessing\SPU.cpp(310,19): warning C4244: 'initializing': conversion from 'float' to 'const int', possible loss of data
D:\Coding\VS\DFT\SignalsProcessing\SPU.cpp(333,30): warning C4244: 'initializing': conversion from 'float' to 'int', possible loss of data
D:\Coding\VS\DFT\SignalsProcessing\SPU.cpp(333,19): warning C4244: 'initializing': conversion from 'float' to 'const int', possible loss of data
D:\Coding\VS\DFT\SignalsProcessing\SPU.cpp(484,24): warning C4267: '=': conversion from 'size_t' to 'int', possible loss of data
D:\Coding\VS\DFT\SignalsProcessing\SPU.cpp(498,16): warning C4244: '=': conversion from 'size_t' to 'float', possible loss of data
D:\Coding\VS\DFT\SignalsProcessing\SPU.cpp(499,50): warning C4267: 'argument': conversion from 'size_t' to 'int', possible loss of data
D:\Coding\VS\DFT\SignalsProcessing\SPU.cpp(499,36): warning C4244: '=': conversion from 'double' to 'float', possible loss of data
D:\Coding\VS\DFT\SignalsProcessing\SPU.cpp(519,32): warning C4267: '=': conversion from 'size_t' to 'int', possible loss of data
D:\Coding\VS\DFT\SignalsProcessing\SPU.cpp(592,97): warning C4267: 'argument': conversion from 'size_t' to 'int', possible loss of data
D:\Coding\VS\DFT\SignalsProcessing\SPU.cpp(609,109): warning C4267: 'argument': conversion from 'size_t' to 'int', possible loss of data
D:\Coding\VS\DFT\SignalsProcessing\SPU.cpp(640,106): warning C4267: 'argument': conversion from 'size_t' to 'int', possible loss of data
D:\Coding\VS\DFT\SignalsProcessing\SPU.cpp(644,105): warning C4267: 'argument': conversion from 'size_t' to 'int', possible loss of data
D:\Coding\VS\DFT\SignalsProcessing\SPU.cpp(662,116): warning C4267: 'argument': conversion from 'size_t' to 'int', possible loss of data
D:\Coding\VS\DFT\SignalsProcessing\SPU.cpp(664,116): warning C4267: 'argument': conversion from 'size_t' to 'int', possible loss of data
D:\Coding\VS\DFT\SignalsProcessing\SPU.cpp(669,115): warning C4267: 'argument': conversion from 'size_t' to 'int', possible loss of data
D:\Coding\VS\DFT\SignalsProcessing\SPU.cpp(671,115): warning C4267: 'argument': conversion from 'size_t' to 'int', possible loss of data
D:\Coding\VS\DFT\SignalsProcessing\SPU.cpp(703,101): warning C4267: 'argument': conversion from 'size_t' to 'int', possible loss of data
D:\Coding\VS\DFT\SignalsProcessing\SPU.cpp(705,101): warning C4267: 'argument': conversion from 'size_t' to 'int', possible loss of data
D:\Coding\VS\DFT\SignalsProcessing\SPU.cpp(721,114): warning C4267: 'argument': conversion from 'size_t' to 'int', possible loss of data
D:\Coding\VS\DFT\SignalsProcessing\SPU.cpp(723,114): warning C4267: 'argument': conversion from 'size_t' to 'int', possible loss of data
D:\Coding\VS\DFT\SignalsProcessing\SPU.cpp(887,31): warning C4267: '=': conversion from 'size_t' to 'int', possible loss of data
D:\Coding\VS\DFT\SignalsProcessing\SPU.cpp(891,30): warning C4018: '<': signed/unsigned mismatch
D:\Coding\VS\DFT\SignalsProcessing\SPU.cpp(895,31): warning C4018: '<': signed/unsigned mismatch
D:\Coding\VS\DFT\SignalsProcessing\SPU.cpp(909,31): warning C4267: '=': conversion from 'size_t' to 'int', possible loss of data
D:\Coding\VS\DFT\SignalsProcessing\SPU.cpp(915,30): warning C4018: '<': signed/unsigned mismatch
D:\Coding\VS\DFT\SignalsProcessing\SPU.cpp(934,20): warning C4267: '=': conversion from 'size_t' to 'int', possible loss of data
D:\Coding\VS\DFT\SignalsProcessing\SPU.cpp(975,20): warning C4267: '=': conversion from 'size_t' to 'int', possible loss of data
D:\Coding\VS\DFT\SignalsProcessing\SPU.cpp(1016,20): warning C4267: '=': conversion from 'size_t' to 'int', possible loss of data
D:\Coding\VS\DFT\SignalsProcessing\imgui\notify.h(146): warning C4715: 'ImGuiToast::get_icon': not all control paths return a value
D:\Coding\VS\DFT\SignalsProcessing\imgui\notify.h(158): warning C4172: returning address of local variable or temporary
D:\Coding\VS\DFT\SignalsProcessing\imgui\notify.h(162): warning C4172: returning address of local variable or temporary
D:\Coding\VS\DFT\SignalsProcessing\imgui\notify.h(166): warning C4172: returning address of local variable or temporary
D:\Coding\VS\DFT\SignalsProcessing\imgui\notify.h(170): warning C4172: returning address of local variable or temporary
D:\Coding\VS\DFT\SignalsProcessing\imgui\notify.h(129): warning C4715: 'ImGuiToast::get_color': not all control paths return a value
D:\Coding\VS\DFT\SignalsProcessing\imgui\notify.h(119): warning C4172: returning address of local variable or temporary
D:\Coding\VS\DFT\SignalsProcessing\imgui\notify.h(121): warning C4172: returning address of local variable or temporary
D:\Coding\VS\DFT\SignalsProcessing\imgui\notify.h(123): warning C4172: returning address of local variable or temporary
D:\Coding\VS\DFT\SignalsProcessing\imgui\notify.h(125): warning C4172: returning address of local variable or temporary
D:\Coding\VS\DFT\SignalsProcessing\imgui\notify.h(127): warning C4172: returning address of local variable or temporary
  SignalsProcessing.vcxproj -> D:\Coding\VS\DFT\x64\Debug\SignalsProcessing.exe
  Скопировано файлов:         1.
